<?xml version="1.0" encoding="UTF-8"?>
<testsuite xmlns:xsi="http://www.w3.org/2001/XMLSchema-instance" xsi:noNamespaceSchemaLocation="https://maven.apache.org/surefire/maven-surefire-plugin/xsd/surefire-test-report-3.0.xsd" version="3.0" name="Management Registration page" time="305.87" tests="9" errors="2" skipped="0" failures="1">
  <properties>
    <property name="java.specification.version" value="20"/>
    <property name="webdriver.chrome.driver" value="C:\Users\Admin\.cache\selenium\chromedriver\win64\117.0.5938.88\chromedriver.exe"/>
    <property name="sun.cpu.isalist" value="amd64"/>
    <property name="sun.jnu.encoding" value="Cp1252"/>
    <property name="java.class.path" value="C:\Users\Admin\Downloads\veg_store\target\test-classes;C:\Users\Admin\Downloads\veg_store\target\classes;C:\Users\Admin\.m2\repository\io\github\bonigarcia\webdrivermanager\5.5.0\webdrivermanager-5.5.0.jar;C:\Users\Admin\.m2\repository\com\google\code\gson\gson\2.10.1\gson-2.10.1.jar;C:\Users\Admin\.m2\repository\com\github\docker-java\docker-java\3.3.3\docker-java-3.3.3.jar;C:\Users\Admin\.m2\repository\com\github\docker-java\docker-java-core\3.3.3\docker-java-core-3.3.3.jar;C:\Users\Admin\.m2\repository\com\github\docker-java\docker-java-api\3.3.3\docker-java-api-3.3.3.jar;C:\Users\Admin\.m2\repository\com\fasterxml\jackson\core\jackson-annotations\2.10.3\jackson-annotations-2.10.3.jar;C:\Users\Admin\.m2\repository\org\apache\commons\commons-compress\1.21\commons-compress-1.21.jar;C:\Users\Admin\.m2\repository\com\fasterxml\jackson\core\jackson-databind\2.10.3\jackson-databind-2.10.3.jar;C:\Users\Admin\.m2\repository\com\fasterxml\jackson\core\jackson-core\2.10.3\jackson-core-2.10.3.jar;C:\Users\Admin\.m2\repository\org\bouncycastle\bcpkix-jdk18on\1.75\bcpkix-jdk18on-1.75.jar;C:\Users\Admin\.m2\repository\org\bouncycastle\bcprov-jdk18on\1.75\bcprov-jdk18on-1.75.jar;C:\Users\Admin\.m2\repository\org\bouncycastle\bcutil-jdk18on\1.75\bcutil-jdk18on-1.75.jar;C:\Users\Admin\.m2\repository\org\slf4j\jcl-over-slf4j\1.7.30\jcl-over-slf4j-1.7.30.jar;C:\Users\Admin\.m2\repository\com\github\docker-java\docker-java-transport-httpclient5\3.3.3\docker-java-transport-httpclient5-3.3.3.jar;C:\Users\Admin\.m2\repository\com\github\docker-java\docker-java-transport\3.3.3\docker-java-transport-3.3.3.jar;C:\Users\Admin\.m2\repository\net\java\dev\jna\jna\5.12.1\jna-5.12.1.jar;C:\Users\Admin\.m2\repository\org\brotli\dec\0.1.2\dec-0.1.2.jar;C:\Users\Admin\.m2\repository\org\apache\commons\commons-lang3\3.13.0\commons-lang3-3.13.0.jar;C:\Users\Admin\.m2\repository\org\apache\httpcomponents\client5\httpclient5\5.2.1\httpclient5-5.2.1.jar;C:\Users\Admin\.m2\repository\org\apache\httpcomponents\core5\httpcore5\5.2\httpcore5-5.2.jar;C:\Users\Admin\.m2\repository\org\apache\httpcomponents\core5\httpcore5-h2\5.2\httpcore5-h2-5.2.jar;C:\Users\Admin\.m2\repository\org\seleniumhq\selenium\selenium-server\3.11.0\selenium-server-3.11.0.jar;C:\Users\Admin\.m2\repository\org\seleniumhq\selenium\selenium-java\3.11.0\selenium-java-3.11.0.jar;C:\Users\Admin\.m2\repository\org\seleniumhq\selenium\selenium-api\3.11.0\selenium-api-3.11.0.jar;C:\Users\Admin\.m2\repository\org\seleniumhq\selenium\selenium-chrome-driver\3.11.0\selenium-chrome-driver-3.11.0.jar;C:\Users\Admin\.m2\repository\org\seleniumhq\selenium\selenium-edge-driver\3.11.0\selenium-edge-driver-3.11.0.jar;C:\Users\Admin\.m2\repository\org\seleniumhq\selenium\selenium-firefox-driver\3.11.0\selenium-firefox-driver-3.11.0.jar;C:\Users\Admin\.m2\repository\org\seleniumhq\selenium\selenium-ie-driver\3.11.0\selenium-ie-driver-3.11.0.jar;C:\Users\Admin\.m2\repository\org\seleniumhq\selenium\selenium-opera-driver\3.11.0\selenium-opera-driver-3.11.0.jar;C:\Users\Admin\.m2\repository\org\seleniumhq\selenium\selenium-remote-driver\3.11.0\selenium-remote-driver-3.11.0.jar;C:\Users\Admin\.m2\repository\org\seleniumhq\selenium\selenium-safari-driver\3.11.0\selenium-safari-driver-3.11.0.jar;C:\Users\Admin\.m2\repository\org\seleniumhq\selenium\selenium-support\3.11.0\selenium-support-3.11.0.jar;C:\Users\Admin\.m2\repository\com\beust\jcommander\1.72\jcommander-1.72.jar;C:\Users\Admin\.m2\repository\net\bytebuddy\byte-buddy\1.7.9\byte-buddy-1.7.9.jar;C:\Users\Admin\.m2\repository\org\apache\commons\commons-exec\1.3\commons-exec-1.3.jar;C:\Users\Admin\.m2\repository\org\apache\commons\commons-text\1.1\commons-text-1.1.jar;C:\Users\Admin\.m2\repository\commons-codec\commons-codec\1.10\commons-codec-1.10.jar;C:\Users\Admin\.m2\repository\commons-io\commons-io\2.6\commons-io-2.6.jar;C:\Users\Admin\.m2\repository\commons-logging\commons-logging\1.2\commons-logging-1.2.jar;C:\Users\Admin\.m2\repository\commons-net\commons-net\3.6\commons-net-3.6.jar;C:\Users\Admin\.m2\repository\org\w3c\css\sac\1.3\sac-1.3.jar;C:\Users\Admin\.m2\repository\net\sourceforge\cssparser\cssparser\0.9.24\cssparser-0.9.24.jar;C:\Users\Admin\.m2\repository\com\google\guava\guava\23.6-jre\guava-23.6-jre.jar;C:\Users\Admin\.m2\repository\com\google\code\findbugs\jsr305\1.3.9\jsr305-1.3.9.jar;C:\Users\Admin\.m2\repository\org\checkerframework\checker-compat-qual\2.0.0\checker-compat-qual-2.0.0.jar;C:\Users\Admin\.m2\repository\com\google\errorprone\error_prone_annotations\2.1.3\error_prone_annotations-2.1.3.jar;C:\Users\Admin\.m2\repository\com\google\j2objc\j2objc-annotations\1.1\j2objc-annotations-1.1.jar;C:\Users\Admin\.m2\repository\org\codehaus\mojo\animal-sniffer-annotations\1.14\animal-sniffer-annotations-1.14.jar;C:\Users\Admin\.m2\repository\net\sourceforge\htmlunit\htmlunit\2.29\htmlunit-2.29.jar;C:\Users\Admin\.m2\repository\net\sourceforge\htmlunit\htmlunit-core-js\2.28\htmlunit-core-js-2.28.jar;C:\Users\Admin\.m2\repository\net\sourceforge\htmlunit\neko-htmlunit\2.28\neko-htmlunit-2.28.jar;C:\Users\Admin\.m2\repository\org\apache\httpcomponents\httpclient\4.5.3\httpclient-4.5.3.jar;C:\Users\Admin\.m2\repository\org\apache\httpcomponents\httpcore\4.4.6\httpcore-4.4.6.jar;C:\Users\Admin\.m2\repository\org\apache\httpcomponents\httpmime\4.5.3\httpmime-4.5.3.jar;C:\Users\Admin\.m2\repository\net\jcip\jcip-annotations\1.0\jcip-annotations-1.0.jar;C:\Users\Admin\.m2\repository\org\seleniumhq\selenium\jetty-repacked\9.4.7.v20171121\jetty-repacked-9.4.7.v20171121.jar;C:\Users\Admin\.m2\repository\org\eclipse\jetty\jetty-client\9.4.7.v20170914\jetty-client-9.4.7.v20170914.jar;C:\Users\Admin\.m2\repository\org\eclipse\jetty\jetty-http\9.4.8.v20171121\jetty-http-9.4.8.v20171121.jar;C:\Users\Admin\.m2\repository\org\eclipse\jetty\jetty-io\9.4.8.v20171121\jetty-io-9.4.8.v20171121.jar;C:\Users\Admin\.m2\repository\org\eclipse\jetty\jetty-util\9.4.8.v20171121\jetty-util-9.4.8.v20171121.jar;C:\Users\Admin\.m2\repository\org\eclipse\jetty\jetty-xml\9.4.7.v20170914\jetty-xml-9.4.7.v20170914.jar;C:\Users\Admin\.m2\repository\com\squareup\okhttp3\okhttp\3.9.1\okhttp-3.9.1.jar;C:\Users\Admin\.m2\repository\com\squareup\okio\okio\1.13.0\okio-1.13.0.jar;C:\Users\Admin\.m2\repository\org\seleniumhq\selenium\htmlunit-driver\2.29.0\htmlunit-driver-2.29.0.jar;C:\Users\Admin\.m2\repository\javax\servlet\javax.servlet-api\3.1.0\javax.servlet-api-3.1.0.jar;C:\Users\Admin\.m2\repository\org\eclipse\jetty\websocket\websocket-api\9.4.7.v20170914\websocket-api-9.4.7.v20170914.jar;C:\Users\Admin\.m2\repository\org\eclipse\jetty\websocket\websocket-client\9.4.7.v20170914\websocket-client-9.4.7.v20170914.jar;C:\Users\Admin\.m2\repository\org\eclipse\jetty\websocket\websocket-common\9.4.7.v20170914\websocket-common-9.4.7.v20170914.jar;C:\Users\Admin\.m2\repository\xalan\serializer\2.7.2\serializer-2.7.2.jar;C:\Users\Admin\.m2\repository\xalan\xalan\2.7.2\xalan-2.7.2.jar;C:\Users\Admin\.m2\repository\xerces\xercesImpl\2.11.0\xercesImpl-2.11.0.jar;C:\Users\Admin\.m2\repository\xml-apis\xml-apis\1.4.01\xml-apis-1.4.01.jar;C:\Users\Admin\.m2\repository\org\yaml\snakeyaml\1.19\snakeyaml-1.19.jar;C:\Users\Admin\.m2\repository\junit\junit\4.13.2\junit-4.13.2.jar;C:\Users\Admin\.m2\repository\org\hamcrest\hamcrest-core\1.3\hamcrest-core-1.3.jar;C:\Users\Admin\.m2\repository\io\cucumber\cucumber-junit\7.13.0\cucumber-junit-7.13.0.jar;C:\Users\Admin\.m2\repository\org\apiguardian\apiguardian-api\1.1.2\apiguardian-api-1.1.2.jar;C:\Users\Admin\.m2\repository\io\cucumber\cucumber-core\7.13.0\cucumber-core-7.13.0.jar;C:\Users\Admin\.m2\repository\io\cucumber\cucumber-gherkin\7.13.0\cucumber-gherkin-7.13.0.jar;C:\Users\Admin\.m2\repository\io\cucumber\cucumber-gherkin-messages\7.13.0\cucumber-gherkin-messages-7.13.0.jar;C:\Users\Admin\.m2\repository\io\cucumber\gherkin\26.2.0\gherkin-26.2.0.jar;C:\Users\Admin\.m2\repository\io\cucumber\messages\22.0.0\messages-22.0.0.jar;C:\Users\Admin\.m2\repository\io\cucumber\tag-expressions\5.0.1\tag-expressions-5.0.1.jar;C:\Users\Admin\.m2\repository\io\cucumber\cucumber-expressions\16.1.2\cucumber-expressions-16.1.2.jar;C:\Users\Admin\.m2\repository\io\cucumber\datatable\7.13.0\datatable-7.13.0.jar;C:\Users\Admin\.m2\repository\io\cucumber\cucumber-plugin\7.13.0\cucumber-plugin-7.13.0.jar;C:\Users\Admin\.m2\repository\io\cucumber\docstring\7.13.0\docstring-7.13.0.jar;C:\Users\Admin\.m2\repository\io\cucumber\html-formatter\20.3.1\html-formatter-20.3.1.jar;C:\Users\Admin\.m2\repository\io\cucumber\junit-xml-formatter\0.2.0\junit-xml-formatter-0.2.0.jar;C:\Users\Admin\.m2\repository\io\cucumber\ci-environment\9.2.0\ci-environment-9.2.0.jar;C:\Users\Admin\.m2\repository\io\cucumber\cucumber-java\7.13.0\cucumber-java-7.13.0.jar;C:\Users\Admin\.m2\repository\io\cucumber\cucumber-picocontainer\7.13.0\cucumber-picocontainer-7.13.0.jar;C:\Users\Admin\.m2\repository\org\picocontainer\picocontainer\2.15\picocontainer-2.15.jar;C:\Users\Admin\.m2\repository\com\paulhammant\ngwebdriver\1.0\ngwebdriver-1.0.jar;C:\Users\Admin\.m2\repository\net\rcarz\jira-client\0.5\jira-client-0.5.jar;C:\Users\Admin\.m2\repository\net\sf\json-lib\json-lib\2.4\json-lib-2.4-jdk15.jar;C:\Users\Admin\.m2\repository\commons-lang\commons-lang\2.5\commons-lang-2.5.jar;C:\Users\Admin\.m2\repository\net\sf\ezmorph\ezmorph\1.0.6\ezmorph-1.0.6.jar;C:\Users\Admin\.m2\repository\joda-time\joda-time\2.3\joda-time-2.3.jar;C:\Users\Admin\.m2\repository\org\mockito\mockito-all\1.9.0\mockito-all-1.9.0.jar;C:\Users\Admin\.m2\repository\commons-httpclient\commons-httpclient\3.1\commons-httpclient-3.1.jar;C:\Users\Admin\.m2\repository\tech\grasshopper\extentreports-cucumber7-adapter\1.14.0\extentreports-cucumber7-adapter-1.14.0.jar;C:\Users\Admin\.m2\repository\tech\grasshopper\extent-pdf-report\2.12.0\extent-pdf-report-2.12.0.jar;C:\Users\Admin\.m2\repository\tech\grasshopper\cucumber-pdf-report\2.14.0\cucumber-pdf-report-2.14.0.jar;C:\Users\Admin\.m2\repository\org\apache\pdfbox\pdfbox\2.0.26\pdfbox-2.0.26.jar;C:\Users\Admin\.m2\repository\org\apache\pdfbox\fontbox\2.0.26\fontbox-2.0.26.jar;C:\Users\Admin\.m2\repository\org\knowm\xchart\xchart\3.8.0\xchart-3.8.0.jar;C:\Users\Admin\.m2\repository\de\erichseifert\vectorgraphics2d\VectorGraphics2D\0.13\VectorGraphics2D-0.13.jar;C:\Users\Admin\.m2\repository\de\rototor\pdfbox\graphics2d\0.30\graphics2d-0.30.jar;C:\Users\Admin\.m2\repository\com\madgag\animated-gif-lib\1.4\animated-gif-lib-1.4.jar;C:\Users\Admin\.m2\repository\tech\grasshopper\table-layout\1.5.1\table-layout-1.5.1.jar;C:\Users\Admin\.m2\repository\tech\grasshopper\rest-assured-cucumber-pdf-report\1.5.0\rest-assured-cucumber-pdf-report-1.5.0.jar;C:\Users\Admin\.m2\repository\org\jsoup\jsoup\1.15.3\jsoup-1.15.3.jar;C:\Users\Admin\.m2\repository\com\aventstack\klov-reporter\5.1.0\klov-reporter-5.1.0.jar;C:\Users\Admin\.m2\repository\org\mongodb\mongodb-driver\3.6.4\mongodb-driver-3.6.4.jar;C:\Users\Admin\.m2\repository\org\mongodb\mongodb-driver-core\3.6.4\mongodb-driver-core-3.6.4.jar;C:\Users\Admin\.m2\repository\org\mongodb\bson\3.6.4\bson-3.6.4.jar;C:\Users\Admin\.m2\repository\tech\grasshopper\htmlextentreporter\1.1.0\htmlextentreporter-1.1.0.jar;C:\Users\Admin\.m2\repository\tech\grasshopper\extent-excel-report\1.4.0\extent-excel-report-1.4.0.jar;C:\Users\Admin\.m2\repository\org\apache\poi\poi\5.2.3\poi-5.2.3.jar;C:\Users\Admin\.m2\repository\org\apache\commons\commons-collections4\4.4\commons-collections4-4.4.jar;C:\Users\Admin\.m2\repository\org\apache\commons\commons-math3\3.6.1\commons-math3-3.6.1.jar;C:\Users\Admin\.m2\repository\com\zaxxer\SparseBitSet\1.2\SparseBitSet-1.2.jar;C:\Users\Admin\.m2\repository\org\apache\logging\log4j\log4j-api\2.18.0\log4j-api-2.18.0.jar;C:\Users\Admin\.m2\repository\org\apache\poi\poi-ooxml\5.2.3\poi-ooxml-5.2.3.jar;C:\Users\Admin\.m2\repository\org\apache\poi\poi-ooxml-lite\5.2.3\poi-ooxml-lite-5.2.3.jar;C:\Users\Admin\.m2\repository\org\apache\xmlbeans\xmlbeans\5.1.1\xmlbeans-5.1.1.jar;C:\Users\Admin\.m2\repository\com\github\virtuald\curvesapi\1.07\curvesapi-1.07.jar;C:\Users\Admin\.m2\repository\com\aventstack\extentreports\5.1.0\extentreports-5.1.0.jar;C:\Users\Admin\.m2\repository\io\reactivex\rxjava3\rxjava\3.1.6\rxjava-3.1.6.jar;C:\Users\Admin\.m2\repository\org\reactivestreams\reactive-streams\1.0.4\reactive-streams-1.0.4.jar;C:\Users\Admin\.m2\repository\org\freemarker\freemarker\2.3.32\freemarker-2.3.32.jar;C:\Users\Admin\.m2\repository\org\projectlombok\lombok\1.18.22\lombok-1.18.22.jar;C:\Users\Admin\.m2\repository\com\googlecode\json-simple\json-simple\1.1.1\json-simple-1.1.1.jar;C:\Users\Admin\.m2\repository\com\github\javafaker\javafaker\0.12\javafaker-0.12.jar;C:\Users\Admin\.m2\repository\com\github\mifmif\generex\1.0.2\generex-1.0.2.jar;C:\Users\Admin\.m2\repository\dk\brics\automaton\automaton\1.11-8\automaton-1.11-8.jar;C:\Users\Admin\.m2\repository\org\slf4j\slf4j-api\1.7.21\slf4j-api-1.7.21.jar;C:\Users\Admin\.m2\repository\org\slf4j\slf4j-simple\1.7.21\slf4j-simple-1.7.21.jar;C:\Users\Admin\.m2\repository\commons-validator\commons-validator\1.7\commons-validator-1.7.jar;C:\Users\Admin\.m2\repository\commons-beanutils\commons-beanutils\1.9.4\commons-beanutils-1.9.4.jar;C:\Users\Admin\.m2\repository\commons-digester\commons-digester\2.1\commons-digester-2.1.jar;C:\Users\Admin\.m2\repository\commons-collections\commons-collections\3.2.2\commons-collections-3.2.2.jar;C:\Users\Admin\.m2\repository\com\github\stephenc\jcip\jcip-annotations\1.0-1\jcip-annotations-1.0-1.jar;C:\Users\Admin\.m2\repository\io\rest-assured\rest-assured\5.3.0\rest-assured-5.3.0.jar;C:\Users\Admin\.m2\repository\org\apache\groovy\groovy\4.0.6\groovy-4.0.6.jar;C:\Users\Admin\.m2\repository\org\apache\groovy\groovy-xml\4.0.6\groovy-xml-4.0.6.jar;C:\Users\Admin\.m2\repository\org\hamcrest\hamcrest\2.1\hamcrest-2.1.jar;C:\Users\Admin\.m2\repository\org\ccil\cowan\tagsoup\tagsoup\1.2.1\tagsoup-1.2.1.jar;C:\Users\Admin\.m2\repository\io\rest-assured\json-path\5.3.0\json-path-5.3.0.jar;C:\Users\Admin\.m2\repository\org\apache\groovy\groovy-json\4.0.6\groovy-json-4.0.6.jar;C:\Users\Admin\.m2\repository\io\rest-assured\rest-assured-common\5.3.0\rest-assured-common-5.3.0.jar;C:\Users\Admin\.m2\repository\io\rest-assured\xml-path\5.3.0\xml-path-5.3.0.jar;"/>
    <property name="java.vm.vendor" value="Oracle Corporation"/>
    <property name="sun.arch.data.model" value="64"/>
    <property name="user.variant" value=""/>
    <property name="java.vendor.url" value="https://java.oracle.com/"/>
    <property name="user.timezone" value="Asia/Bangkok"/>
    <property name="os.name" value="Windows 11"/>
    <property name="java.vm.specification.version" value="20"/>
    <property name="sun.java.launcher" value="SUN_STANDARD"/>
    <property name="user.country" value="US"/>
    <property name="sun.boot.library.path" value="C:\Program Files\Java\jdk-20.0.1\bin"/>
    <property name="sun.java.command" value="C:\Users\Admin\AppData\Local\Temp\surefire7247655775016482570\surefirebooter-20230919224521389_3.jar C:\Users\Admin\AppData\Local\Temp\surefire7247655775016482570 2023-09-19T22-45-21_246-jvmRun1 surefire-20230919224521389_1tmp surefire_0-20230919224521389_2tmp"/>
    <property name="jdk.debug" value="release"/>
    <property name="surefire.test.class.path" value="C:\Users\Admin\Downloads\veg_store\target\test-classes;C:\Users\Admin\Downloads\veg_store\target\classes;C:\Users\Admin\.m2\repository\io\github\bonigarcia\webdrivermanager\5.5.0\webdrivermanager-5.5.0.jar;C:\Users\Admin\.m2\repository\com\google\code\gson\gson\2.10.1\gson-2.10.1.jar;C:\Users\Admin\.m2\repository\com\github\docker-java\docker-java\3.3.3\docker-java-3.3.3.jar;C:\Users\Admin\.m2\repository\com\github\docker-java\docker-java-core\3.3.3\docker-java-core-3.3.3.jar;C:\Users\Admin\.m2\repository\com\github\docker-java\docker-java-api\3.3.3\docker-java-api-3.3.3.jar;C:\Users\Admin\.m2\repository\com\fasterxml\jackson\core\jackson-annotations\2.10.3\jackson-annotations-2.10.3.jar;C:\Users\Admin\.m2\repository\org\apache\commons\commons-compress\1.21\commons-compress-1.21.jar;C:\Users\Admin\.m2\repository\com\fasterxml\jackson\core\jackson-databind\2.10.3\jackson-databind-2.10.3.jar;C:\Users\Admin\.m2\repository\com\fasterxml\jackson\core\jackson-core\2.10.3\jackson-core-2.10.3.jar;C:\Users\Admin\.m2\repository\org\bouncycastle\bcpkix-jdk18on\1.75\bcpkix-jdk18on-1.75.jar;C:\Users\Admin\.m2\repository\org\bouncycastle\bcprov-jdk18on\1.75\bcprov-jdk18on-1.75.jar;C:\Users\Admin\.m2\repository\org\bouncycastle\bcutil-jdk18on\1.75\bcutil-jdk18on-1.75.jar;C:\Users\Admin\.m2\repository\org\slf4j\jcl-over-slf4j\1.7.30\jcl-over-slf4j-1.7.30.jar;C:\Users\Admin\.m2\repository\com\github\docker-java\docker-java-transport-httpclient5\3.3.3\docker-java-transport-httpclient5-3.3.3.jar;C:\Users\Admin\.m2\repository\com\github\docker-java\docker-java-transport\3.3.3\docker-java-transport-3.3.3.jar;C:\Users\Admin\.m2\repository\net\java\dev\jna\jna\5.12.1\jna-5.12.1.jar;C:\Users\Admin\.m2\repository\org\brotli\dec\0.1.2\dec-0.1.2.jar;C:\Users\Admin\.m2\repository\org\apache\commons\commons-lang3\3.13.0\commons-lang3-3.13.0.jar;C:\Users\Admin\.m2\repository\org\apache\httpcomponents\client5\httpclient5\5.2.1\httpclient5-5.2.1.jar;C:\Users\Admin\.m2\repository\org\apache\httpcomponents\core5\httpcore5\5.2\httpcore5-5.2.jar;C:\Users\Admin\.m2\repository\org\apache\httpcomponents\core5\httpcore5-h2\5.2\httpcore5-h2-5.2.jar;C:\Users\Admin\.m2\repository\org\seleniumhq\selenium\selenium-server\3.11.0\selenium-server-3.11.0.jar;C:\Users\Admin\.m2\repository\org\seleniumhq\selenium\selenium-java\3.11.0\selenium-java-3.11.0.jar;C:\Users\Admin\.m2\repository\org\seleniumhq\selenium\selenium-api\3.11.0\selenium-api-3.11.0.jar;C:\Users\Admin\.m2\repository\org\seleniumhq\selenium\selenium-chrome-driver\3.11.0\selenium-chrome-driver-3.11.0.jar;C:\Users\Admin\.m2\repository\org\seleniumhq\selenium\selenium-edge-driver\3.11.0\selenium-edge-driver-3.11.0.jar;C:\Users\Admin\.m2\repository\org\seleniumhq\selenium\selenium-firefox-driver\3.11.0\selenium-firefox-driver-3.11.0.jar;C:\Users\Admin\.m2\repository\org\seleniumhq\selenium\selenium-ie-driver\3.11.0\selenium-ie-driver-3.11.0.jar;C:\Users\Admin\.m2\repository\org\seleniumhq\selenium\selenium-opera-driver\3.11.0\selenium-opera-driver-3.11.0.jar;C:\Users\Admin\.m2\repository\org\seleniumhq\selenium\selenium-remote-driver\3.11.0\selenium-remote-driver-3.11.0.jar;C:\Users\Admin\.m2\repository\org\seleniumhq\selenium\selenium-safari-driver\3.11.0\selenium-safari-driver-3.11.0.jar;C:\Users\Admin\.m2\repository\org\seleniumhq\selenium\selenium-support\3.11.0\selenium-support-3.11.0.jar;C:\Users\Admin\.m2\repository\com\beust\jcommander\1.72\jcommander-1.72.jar;C:\Users\Admin\.m2\repository\net\bytebuddy\byte-buddy\1.7.9\byte-buddy-1.7.9.jar;C:\Users\Admin\.m2\repository\org\apache\commons\commons-exec\1.3\commons-exec-1.3.jar;C:\Users\Admin\.m2\repository\org\apache\commons\commons-text\1.1\commons-text-1.1.jar;C:\Users\Admin\.m2\repository\commons-codec\commons-codec\1.10\commons-codec-1.10.jar;C:\Users\Admin\.m2\repository\commons-io\commons-io\2.6\commons-io-2.6.jar;C:\Users\Admin\.m2\repository\commons-logging\commons-logging\1.2\commons-logging-1.2.jar;C:\Users\Admin\.m2\repository\commons-net\commons-net\3.6\commons-net-3.6.jar;C:\Users\Admin\.m2\repository\org\w3c\css\sac\1.3\sac-1.3.jar;C:\Users\Admin\.m2\repository\net\sourceforge\cssparser\cssparser\0.9.24\cssparser-0.9.24.jar;C:\Users\Admin\.m2\repository\com\google\guava\guava\23.6-jre\guava-23.6-jre.jar;C:\Users\Admin\.m2\repository\com\google\code\findbugs\jsr305\1.3.9\jsr305-1.3.9.jar;C:\Users\Admin\.m2\repository\org\checkerframework\checker-compat-qual\2.0.0\checker-compat-qual-2.0.0.jar;C:\Users\Admin\.m2\repository\com\google\errorprone\error_prone_annotations\2.1.3\error_prone_annotations-2.1.3.jar;C:\Users\Admin\.m2\repository\com\google\j2objc\j2objc-annotations\1.1\j2objc-annotations-1.1.jar;C:\Users\Admin\.m2\repository\org\codehaus\mojo\animal-sniffer-annotations\1.14\animal-sniffer-annotations-1.14.jar;C:\Users\Admin\.m2\repository\net\sourceforge\htmlunit\htmlunit\2.29\htmlunit-2.29.jar;C:\Users\Admin\.m2\repository\net\sourceforge\htmlunit\htmlunit-core-js\2.28\htmlunit-core-js-2.28.jar;C:\Users\Admin\.m2\repository\net\sourceforge\htmlunit\neko-htmlunit\2.28\neko-htmlunit-2.28.jar;C:\Users\Admin\.m2\repository\org\apache\httpcomponents\httpclient\4.5.3\httpclient-4.5.3.jar;C:\Users\Admin\.m2\repository\org\apache\httpcomponents\httpcore\4.4.6\httpcore-4.4.6.jar;C:\Users\Admin\.m2\repository\org\apache\httpcomponents\httpmime\4.5.3\httpmime-4.5.3.jar;C:\Users\Admin\.m2\repository\net\jcip\jcip-annotations\1.0\jcip-annotations-1.0.jar;C:\Users\Admin\.m2\repository\org\seleniumhq\selenium\jetty-repacked\9.4.7.v20171121\jetty-repacked-9.4.7.v20171121.jar;C:\Users\Admin\.m2\repository\org\eclipse\jetty\jetty-client\9.4.7.v20170914\jetty-client-9.4.7.v20170914.jar;C:\Users\Admin\.m2\repository\org\eclipse\jetty\jetty-http\9.4.8.v20171121\jetty-http-9.4.8.v20171121.jar;C:\Users\Admin\.m2\repository\org\eclipse\jetty\jetty-io\9.4.8.v20171121\jetty-io-9.4.8.v20171121.jar;C:\Users\Admin\.m2\repository\org\eclipse\jetty\jetty-util\9.4.8.v20171121\jetty-util-9.4.8.v20171121.jar;C:\Users\Admin\.m2\repository\org\eclipse\jetty\jetty-xml\9.4.7.v20170914\jetty-xml-9.4.7.v20170914.jar;C:\Users\Admin\.m2\repository\com\squareup\okhttp3\okhttp\3.9.1\okhttp-3.9.1.jar;C:\Users\Admin\.m2\repository\com\squareup\okio\okio\1.13.0\okio-1.13.0.jar;C:\Users\Admin\.m2\repository\org\seleniumhq\selenium\htmlunit-driver\2.29.0\htmlunit-driver-2.29.0.jar;C:\Users\Admin\.m2\repository\javax\servlet\javax.servlet-api\3.1.0\javax.servlet-api-3.1.0.jar;C:\Users\Admin\.m2\repository\org\eclipse\jetty\websocket\websocket-api\9.4.7.v20170914\websocket-api-9.4.7.v20170914.jar;C:\Users\Admin\.m2\repository\org\eclipse\jetty\websocket\websocket-client\9.4.7.v20170914\websocket-client-9.4.7.v20170914.jar;C:\Users\Admin\.m2\repository\org\eclipse\jetty\websocket\websocket-common\9.4.7.v20170914\websocket-common-9.4.7.v20170914.jar;C:\Users\Admin\.m2\repository\xalan\serializer\2.7.2\serializer-2.7.2.jar;C:\Users\Admin\.m2\repository\xalan\xalan\2.7.2\xalan-2.7.2.jar;C:\Users\Admin\.m2\repository\xerces\xercesImpl\2.11.0\xercesImpl-2.11.0.jar;C:\Users\Admin\.m2\repository\xml-apis\xml-apis\1.4.01\xml-apis-1.4.01.jar;C:\Users\Admin\.m2\repository\org\yaml\snakeyaml\1.19\snakeyaml-1.19.jar;C:\Users\Admin\.m2\repository\junit\junit\4.13.2\junit-4.13.2.jar;C:\Users\Admin\.m2\repository\org\hamcrest\hamcrest-core\1.3\hamcrest-core-1.3.jar;C:\Users\Admin\.m2\repository\io\cucumber\cucumber-junit\7.13.0\cucumber-junit-7.13.0.jar;C:\Users\Admin\.m2\repository\org\apiguardian\apiguardian-api\1.1.2\apiguardian-api-1.1.2.jar;C:\Users\Admin\.m2\repository\io\cucumber\cucumber-core\7.13.0\cucumber-core-7.13.0.jar;C:\Users\Admin\.m2\repository\io\cucumber\cucumber-gherkin\7.13.0\cucumber-gherkin-7.13.0.jar;C:\Users\Admin\.m2\repository\io\cucumber\cucumber-gherkin-messages\7.13.0\cucumber-gherkin-messages-7.13.0.jar;C:\Users\Admin\.m2\repository\io\cucumber\gherkin\26.2.0\gherkin-26.2.0.jar;C:\Users\Admin\.m2\repository\io\cucumber\messages\22.0.0\messages-22.0.0.jar;C:\Users\Admin\.m2\repository\io\cucumber\tag-expressions\5.0.1\tag-expressions-5.0.1.jar;C:\Users\Admin\.m2\repository\io\cucumber\cucumber-expressions\16.1.2\cucumber-expressions-16.1.2.jar;C:\Users\Admin\.m2\repository\io\cucumber\datatable\7.13.0\datatable-7.13.0.jar;C:\Users\Admin\.m2\repository\io\cucumber\cucumber-plugin\7.13.0\cucumber-plugin-7.13.0.jar;C:\Users\Admin\.m2\repository\io\cucumber\docstring\7.13.0\docstring-7.13.0.jar;C:\Users\Admin\.m2\repository\io\cucumber\html-formatter\20.3.1\html-formatter-20.3.1.jar;C:\Users\Admin\.m2\repository\io\cucumber\junit-xml-formatter\0.2.0\junit-xml-formatter-0.2.0.jar;C:\Users\Admin\.m2\repository\io\cucumber\ci-environment\9.2.0\ci-environment-9.2.0.jar;C:\Users\Admin\.m2\repository\io\cucumber\cucumber-java\7.13.0\cucumber-java-7.13.0.jar;C:\Users\Admin\.m2\repository\io\cucumber\cucumber-picocontainer\7.13.0\cucumber-picocontainer-7.13.0.jar;C:\Users\Admin\.m2\repository\org\picocontainer\picocontainer\2.15\picocontainer-2.15.jar;C:\Users\Admin\.m2\repository\com\paulhammant\ngwebdriver\1.0\ngwebdriver-1.0.jar;C:\Users\Admin\.m2\repository\net\rcarz\jira-client\0.5\jira-client-0.5.jar;C:\Users\Admin\.m2\repository\net\sf\json-lib\json-lib\2.4\json-lib-2.4-jdk15.jar;C:\Users\Admin\.m2\repository\commons-lang\commons-lang\2.5\commons-lang-2.5.jar;C:\Users\Admin\.m2\repository\net\sf\ezmorph\ezmorph\1.0.6\ezmorph-1.0.6.jar;C:\Users\Admin\.m2\repository\joda-time\joda-time\2.3\joda-time-2.3.jar;C:\Users\Admin\.m2\repository\org\mockito\mockito-all\1.9.0\mockito-all-1.9.0.jar;C:\Users\Admin\.m2\repository\commons-httpclient\commons-httpclient\3.1\commons-httpclient-3.1.jar;C:\Users\Admin\.m2\repository\tech\grasshopper\extentreports-cucumber7-adapter\1.14.0\extentreports-cucumber7-adapter-1.14.0.jar;C:\Users\Admin\.m2\repository\tech\grasshopper\extent-pdf-report\2.12.0\extent-pdf-report-2.12.0.jar;C:\Users\Admin\.m2\repository\tech\grasshopper\cucumber-pdf-report\2.14.0\cucumber-pdf-report-2.14.0.jar;C:\Users\Admin\.m2\repository\org\apache\pdfbox\pdfbox\2.0.26\pdfbox-2.0.26.jar;C:\Users\Admin\.m2\repository\org\apache\pdfbox\fontbox\2.0.26\fontbox-2.0.26.jar;C:\Users\Admin\.m2\repository\org\knowm\xchart\xchart\3.8.0\xchart-3.8.0.jar;C:\Users\Admin\.m2\repository\de\erichseifert\vectorgraphics2d\VectorGraphics2D\0.13\VectorGraphics2D-0.13.jar;C:\Users\Admin\.m2\repository\de\rototor\pdfbox\graphics2d\0.30\graphics2d-0.30.jar;C:\Users\Admin\.m2\repository\com\madgag\animated-gif-lib\1.4\animated-gif-lib-1.4.jar;C:\Users\Admin\.m2\repository\tech\grasshopper\table-layout\1.5.1\table-layout-1.5.1.jar;C:\Users\Admin\.m2\repository\tech\grasshopper\rest-assured-cucumber-pdf-report\1.5.0\rest-assured-cucumber-pdf-report-1.5.0.jar;C:\Users\Admin\.m2\repository\org\jsoup\jsoup\1.15.3\jsoup-1.15.3.jar;C:\Users\Admin\.m2\repository\com\aventstack\klov-reporter\5.1.0\klov-reporter-5.1.0.jar;C:\Users\Admin\.m2\repository\org\mongodb\mongodb-driver\3.6.4\mongodb-driver-3.6.4.jar;C:\Users\Admin\.m2\repository\org\mongodb\mongodb-driver-core\3.6.4\mongodb-driver-core-3.6.4.jar;C:\Users\Admin\.m2\repository\org\mongodb\bson\3.6.4\bson-3.6.4.jar;C:\Users\Admin\.m2\repository\tech\grasshopper\htmlextentreporter\1.1.0\htmlextentreporter-1.1.0.jar;C:\Users\Admin\.m2\repository\tech\grasshopper\extent-excel-report\1.4.0\extent-excel-report-1.4.0.jar;C:\Users\Admin\.m2\repository\org\apache\poi\poi\5.2.3\poi-5.2.3.jar;C:\Users\Admin\.m2\repository\org\apache\commons\commons-collections4\4.4\commons-collections4-4.4.jar;C:\Users\Admin\.m2\repository\org\apache\commons\commons-math3\3.6.1\commons-math3-3.6.1.jar;C:\Users\Admin\.m2\repository\com\zaxxer\SparseBitSet\1.2\SparseBitSet-1.2.jar;C:\Users\Admin\.m2\repository\org\apache\logging\log4j\log4j-api\2.18.0\log4j-api-2.18.0.jar;C:\Users\Admin\.m2\repository\org\apache\poi\poi-ooxml\5.2.3\poi-ooxml-5.2.3.jar;C:\Users\Admin\.m2\repository\org\apache\poi\poi-ooxml-lite\5.2.3\poi-ooxml-lite-5.2.3.jar;C:\Users\Admin\.m2\repository\org\apache\xmlbeans\xmlbeans\5.1.1\xmlbeans-5.1.1.jar;C:\Users\Admin\.m2\repository\com\github\virtuald\curvesapi\1.07\curvesapi-1.07.jar;C:\Users\Admin\.m2\repository\com\aventstack\extentreports\5.1.0\extentreports-5.1.0.jar;C:\Users\Admin\.m2\repository\io\reactivex\rxjava3\rxjava\3.1.6\rxjava-3.1.6.jar;C:\Users\Admin\.m2\repository\org\reactivestreams\reactive-streams\1.0.4\reactive-streams-1.0.4.jar;C:\Users\Admin\.m2\repository\org\freemarker\freemarker\2.3.32\freemarker-2.3.32.jar;C:\Users\Admin\.m2\repository\org\projectlombok\lombok\1.18.22\lombok-1.18.22.jar;C:\Users\Admin\.m2\repository\com\googlecode\json-simple\json-simple\1.1.1\json-simple-1.1.1.jar;C:\Users\Admin\.m2\repository\com\github\javafaker\javafaker\0.12\javafaker-0.12.jar;C:\Users\Admin\.m2\repository\com\github\mifmif\generex\1.0.2\generex-1.0.2.jar;C:\Users\Admin\.m2\repository\dk\brics\automaton\automaton\1.11-8\automaton-1.11-8.jar;C:\Users\Admin\.m2\repository\org\slf4j\slf4j-api\1.7.21\slf4j-api-1.7.21.jar;C:\Users\Admin\.m2\repository\org\slf4j\slf4j-simple\1.7.21\slf4j-simple-1.7.21.jar;C:\Users\Admin\.m2\repository\commons-validator\commons-validator\1.7\commons-validator-1.7.jar;C:\Users\Admin\.m2\repository\commons-beanutils\commons-beanutils\1.9.4\commons-beanutils-1.9.4.jar;C:\Users\Admin\.m2\repository\commons-digester\commons-digester\2.1\commons-digester-2.1.jar;C:\Users\Admin\.m2\repository\commons-collections\commons-collections\3.2.2\commons-collections-3.2.2.jar;C:\Users\Admin\.m2\repository\com\github\stephenc\jcip\jcip-annotations\1.0-1\jcip-annotations-1.0-1.jar;C:\Users\Admin\.m2\repository\io\rest-assured\rest-assured\5.3.0\rest-assured-5.3.0.jar;C:\Users\Admin\.m2\repository\org\apache\groovy\groovy\4.0.6\groovy-4.0.6.jar;C:\Users\Admin\.m2\repository\org\apache\groovy\groovy-xml\4.0.6\groovy-xml-4.0.6.jar;C:\Users\Admin\.m2\repository\org\hamcrest\hamcrest\2.1\hamcrest-2.1.jar;C:\Users\Admin\.m2\repository\org\ccil\cowan\tagsoup\tagsoup\1.2.1\tagsoup-1.2.1.jar;C:\Users\Admin\.m2\repository\io\rest-assured\json-path\5.3.0\json-path-5.3.0.jar;C:\Users\Admin\.m2\repository\org\apache\groovy\groovy-json\4.0.6\groovy-json-4.0.6.jar;C:\Users\Admin\.m2\repository\io\rest-assured\rest-assured-common\5.3.0\rest-assured-common-5.3.0.jar;C:\Users\Admin\.m2\repository\io\rest-assured\xml-path\5.3.0\xml-path-5.3.0.jar;"/>
    <property name="sun.cpu.endian" value="little"/>
    <property name="user.home" value="C:\Users\Admin"/>
    <property name="user.language" value="en"/>
    <property name="java.specification.vendor" value="Oracle Corporation"/>
    <property name="java.version.date" value="2023-04-18"/>
    <property name="java.home" value="C:\Program Files\Java\jdk-20.0.1"/>
    <property name="file.separator" value="\"/>
    <property name="basedir" value="C:\Users\Admin\Downloads\veg_store"/>
    <property name="java.vm.compressedOopsMode" value="32-bit"/>
    <property name="line.separator" value="&#10;"/>
    <property name="java.vm.specification.vendor" value="Oracle Corporation"/>
    <property name="java.specification.name" value="Java Platform API Specification"/>
    <property name="surefire.real.class.path" value="C:\Users\Admin\AppData\Local\Temp\surefire7247655775016482570\surefirebooter-20230919224521389_3.jar"/>
    <property name="user.script" value=""/>
    <property name="sun.management.compiler" value="HotSpot 64-Bit Tiered Compilers"/>
    <property name="java.runtime.version" value="20.0.1+9-29"/>
    <property name="user.name" value="Admin"/>
    <property name="stdout.encoding" value="Cp1252"/>
    <property name="path.separator" value=";"/>
    <property name="os.version" value="10.0"/>
    <property name="java.runtime.name" value="Java(TM) SE Runtime Environment"/>
    <property name="file.encoding" value="UTF-8"/>
    <property name="java.vm.name" value="Java HotSpot(TM) 64-Bit Server VM"/>
    <property name="localRepository" value="C:\Users\Admin\.m2\repository"/>
    <property name="java.vendor.url.bug" value="https://bugreport.java.com/bugreport/"/>
    <property name="java.io.tmpdir" value="C:\Users\Admin\AppData\Local\Temp\"/>
    <property name="java.version" value="20.0.1"/>
    <property name="user.dir" value="C:\Users\Admin\Downloads\veg_store"/>
    <property name="os.arch" value="amd64"/>
    <property name="java.vm.specification.name" value="Java Virtual Machine Specification"/>
    <property name="sun.os.patch.level" value=""/>
    <property name="native.encoding" value="Cp1252"/>
    <property name="java.library.path" value="C:\Program Files\Java\jdk-20.0.1\bin;C:\WINDOWS\Sun\Java\bin;C:\WINDOWS\system32;C:\WINDOWS;C:\Program Files\Common Files\Oracle\Java\javapath;C:\Program Files (x86)\Common Files\Oracle\Java\javapath;C:\WINDOWS\system32;C:\WINDOWS;C:\WINDOWS\System32\Wbem;C:\WINDOWS\System32\WindowsPowerShell\v1.0\;C:\WINDOWS\System32\OpenSSH\;C:\Program Files\nodejs\;C:\apache-maven-3.9.0\bin;C:\Program Files\Git\cmd;C:\Program Files\Docker\Docker\resources\bin;C:\Program Files\Java\jdk-17\bin;C:\Program Files\dotnet\;C:\Program Files\Common Files\Oracle\Java\javapath;C:\Program Files (x86)\Common Files\Oracle\Java\javapath;C:\WINDOWS\system32;C:\WINDOWS;C:\WINDOWS\System32\Wbem;C:\WINDOWS\System32\WindowsPowerShell\v1.0\;C:\WINDOWS\System32\OpenSSH\;C:\Program Files\nodejs\;C:\apache-maven-3.9.0\bin;C:\Program Files\Git\cmd;C:\Program Files\Docker\Docker\resources\bin;C:\Program Files\Java\jdk-17\bin;C:\Program Files\dotnet\;C:\WebDriver\bin;C:\WebDriver\bin;C:\Program Files\Java\jdk-20.0.1\bin;;C:\Users\Admin\AppData\Local\Programs\Microsoft VS Code\bin;."/>
    <property name="java.vm.info" value="mixed mode, sharing"/>
    <property name="stderr.encoding" value="Cp1252"/>
    <property name="java.vendor" value="Oracle Corporation"/>
    <property name="java.vm.version" value="20.0.1+9-29"/>
    <property name="sun.io.unicode.encoding" value="UnicodeLittle"/>
    <property name="java.class.version" value="64.0"/>
  </properties>
  <testcase name="As a user, i want to signup successfully with correct value" classname="Management Registration page" time="72.214">
    <system-out><![CDATA[
@test @smoke
Scenario Outline: As a user, i want to signup successfully with correct value # src/test/resources/Features/RegisterPage.feature:21
  Given I navigate to Veg Store website                                       # cucumber.step.ForwardStepDefinations.luanchApp()
  And I enter "toanb1906785" into input "username" field                      # cucumber.step.ForwardStepDefinations.enter_text(java.lang.String,java.lang.String)
  And I enter "toanautomation@grr.la" into input "email" field                # cucumber.step.ForwardStepDefinations.enter_text(java.lang.String,java.lang.String)
  And I enter "123456aA@" into input "password" field                         # cucumber.step.ForwardStepDefinations.enter_text(java.lang.String,java.lang.String)
  And I enter "123456aA@" into input "confirmpassword" field                  # cucumber.step.ForwardStepDefinations.enter_text(java.lang.String,java.lang.String)
  And I click on "male" button                                                # cucumber.step.ForwardStepDefinations.click_ele(java.lang.String)
  And I enter "16/09/2001" into input "birthday" field                        # cucumber.step.ForwardStepDefinations.enter_text(java.lang.String,java.lang.String)
  And I enter "0123456789" into input "number" field                          # cucumber.step.ForwardStepDefinations.enter_text(java.lang.String,java.lang.String)
  And I enter "Ly Tu Trong" into input "address" field                        # cucumber.step.ForwardStepDefinations.enter_text(java.lang.String,java.lang.String)
  When I click on "register" button                                           # cucumber.step.ForwardStepDefinations.click_ele(java.lang.String)
  Then I should be navigate to Login Page                                     # cucumber.step.ForwardStepDefinations.backLogin()
]]></system-out>
    <system-err><![CDATA[[pool-3-thread-10] INFO io.github.bonigarcia.wdm.WebDriverManager - Using chromedriver 117.0.5938.88 (resolved driver for Chrome 117)
[pool-3-thread-10] INFO io.github.bonigarcia.wdm.WebDriverManager - Exporting webdriver.chrome.driver as C:\Users\Admin\.cache\selenium\chromedriver\win64\117.0.5938.88\chromedriver.exe
Sep 19, 2023 10:46:08 PM org.openqa.selenium.remote.ProtocolHandshake createSession
INFO: Detected dialect: W3C
[pool-3-thread-10] INFO cucumber.utils.DriverManager - Running on Desktop
]]></system-err>
  </testcase>
  <testcase name="As a user, i should be register fail with leaves blank password input" classname="Management Registration page" time="36.622">
    <system-out><![CDATA[
@test @smoke
Scenario Outline: As a user, i should be register fail with leaves blank password input # src/test/resources/Features/RegisterPage.feature:37
  Given I navigate to Veg Store website                                                 # cucumber.step.ForwardStepDefinations.luanchApp()
  And I enter "toanb1906785" into input "username" field                                # cucumber.step.ForwardStepDefinations.enter_text(java.lang.String,java.lang.String)
  And I enter "toanautomation@grr.la" into input "email" field                          # cucumber.step.ForwardStepDefinations.enter_text(java.lang.String,java.lang.String)
  And I enter "" into input "password" field                                            # cucumber.step.ForwardStepDefinations.enter_text(java.lang.String,java.lang.String)
  And I enter "123456aA@" into input "confirmpassword" field                            # cucumber.step.ForwardStepDefinations.enter_text(java.lang.String,java.lang.String)
  And I click on "male" button                                                          # cucumber.step.ForwardStepDefinations.click_ele(java.lang.String)
  And I enter "16/09/2001" into input "birthday" field                                  # cucumber.step.ForwardStepDefinations.enter_text(java.lang.String,java.lang.String)
  And I enter "0123456789" into input "number" field                                    # cucumber.step.ForwardStepDefinations.enter_text(java.lang.String,java.lang.String)
  And I enter "Ly Tu Trong" into input "address" field                                  # cucumber.step.ForwardStepDefinations.enter_text(java.lang.String,java.lang.String)
  When I click on "register" button                                                     # cucumber.step.ForwardStepDefinations.click_ele(java.lang.String)
  Then I should see "Mật khẩu phải ít nhất 6 ký tự!" in alert message                   # cucumber.step.ForwardStepDefinations.check_alert_message(java.lang.String)
]]></system-out>
    <system-err><![CDATA[[pool-3-thread-10] INFO io.github.bonigarcia.wdm.WebDriverManager - Using chromedriver 117.0.5938.88 (resolved driver for Chrome 117)
[pool-3-thread-10] INFO io.github.bonigarcia.wdm.WebDriverManager - Exporting webdriver.chrome.driver as C:\Users\Admin\.cache\selenium\chromedriver\win64\117.0.5938.88\chromedriver.exe
Sep 19, 2023 10:46:44 PM org.openqa.selenium.remote.ProtocolHandshake createSession
INFO: Detected dialect: W3C
[pool-3-thread-10] INFO cucumber.utils.DriverManager - Running on Desktop
]]></system-err>
  </testcase>
  <testcase name="As a user, i should be register fail with leaves blank username input" classname="Management Registration page" time="60.656">
    <system-out><![CDATA[
@test @smoke
Scenario Outline: As a user, i should be register fail with leaves blank username input # src/test/resources/Features/RegisterPage.feature:53
  Given I navigate to Veg Store website                                                 # cucumber.step.ForwardStepDefinations.luanchApp()
  And I enter "" into input "username" field                                            # cucumber.step.ForwardStepDefinations.enter_text(java.lang.String,java.lang.String)
  And I enter "toanautomation@grr.la" into input "email" field                          # cucumber.step.ForwardStepDefinations.enter_text(java.lang.String,java.lang.String)
  And I enter "123456aA@" into input "password" field                                   # cucumber.step.ForwardStepDefinations.enter_text(java.lang.String,java.lang.String)
  And I enter "123456aA@" into input "confirmpassword" field                            # cucumber.step.ForwardStepDefinations.enter_text(java.lang.String,java.lang.String)
  And I click on "male" button                                                          # cucumber.step.ForwardStepDefinations.click_ele(java.lang.String)
  And I enter "16/09/2001" into input "birthday" field                                  # cucumber.step.ForwardStepDefinations.enter_text(java.lang.String,java.lang.String)
  And I enter "0123456789" into input "number" field                                    # cucumber.step.ForwardStepDefinations.enter_text(java.lang.String,java.lang.String)
  And I enter "Ly Tu Trong" into input "address" field                                  # cucumber.step.ForwardStepDefinations.enter_text(java.lang.String,java.lang.String)
  When I click on "register" button                                                     # cucumber.step.ForwardStepDefinations.click_ele(java.lang.String)
  Then I should see "Tên đăng nhập ít nhất có 3 ký tự!" in alert message                # cucumber.step.ForwardStepDefinations.check_alert_message(java.lang.String)
]]></system-out>
    <system-err><![CDATA[[pool-3-thread-10] INFO io.github.bonigarcia.wdm.WebDriverManager - Using chromedriver 117.0.5938.88 (resolved driver for Chrome 117)
[pool-3-thread-10] INFO io.github.bonigarcia.wdm.WebDriverManager - Exporting webdriver.chrome.driver as C:\Users\Admin\.cache\selenium\chromedriver\win64\117.0.5938.88\chromedriver.exe
Sep 19, 2023 10:47:45 PM org.openqa.selenium.remote.ProtocolHandshake createSession
INFO: Detected dialect: W3C
[pool-3-thread-10] INFO cucumber.utils.DriverManager - Running on Desktop
]]></system-err>
  </testcase>
  <testcase name="As a user, i should be register fail with leaves blank confirm password input" classname="Management Registration page" time="28.303">
    <system-out><![CDATA[
@test @smoke
Scenario Outline: As a user, i should be register fail with leaves blank confirm password input # src/test/resources/Features/RegisterPage.feature:69
  Given I navigate to Veg Store website                                                         # cucumber.step.ForwardStepDefinations.luanchApp()
  And I enter "toanb1906785" into input "username" field                                        # cucumber.step.ForwardStepDefinations.enter_text(java.lang.String,java.lang.String)
  And I enter "toanautomation@grr.la" into input "email" field                                  # cucumber.step.ForwardStepDefinations.enter_text(java.lang.String,java.lang.String)
  And I enter "123456aA@" into input "password" field                                           # cucumber.step.ForwardStepDefinations.enter_text(java.lang.String,java.lang.String)
  And I enter "" into input "confirmpassword" field                                             # cucumber.step.ForwardStepDefinations.enter_text(java.lang.String,java.lang.String)
  And I click on "male" button                                                                  # cucumber.step.ForwardStepDefinations.click_ele(java.lang.String)
  And I enter "16/09/2001" into input "birthday" field                                          # cucumber.step.ForwardStepDefinations.enter_text(java.lang.String,java.lang.String)
  And I enter "0123456789" into input "number" field                                            # cucumber.step.ForwardStepDefinations.enter_text(java.lang.String,java.lang.String)
  And I enter "Ly Tu Trong" into input "address" field                                          # cucumber.step.ForwardStepDefinations.enter_text(java.lang.String,java.lang.String)
  When I click on "register" button                                                             # cucumber.step.ForwardStepDefinations.click_ele(java.lang.String)
  Then I should see "Mật khẩu nhập lại không đúng!" in alert message                            # cucumber.step.ForwardStepDefinations.check_alert_message(java.lang.String)
]]></system-out>
    <system-err><![CDATA[[pool-3-thread-10] INFO io.github.bonigarcia.wdm.WebDriverManager - Using chromedriver 117.0.5938.88 (resolved driver for Chrome 117)
[pool-3-thread-10] INFO io.github.bonigarcia.wdm.WebDriverManager - Exporting webdriver.chrome.driver as C:\Users\Admin\.cache\selenium\chromedriver\win64\117.0.5938.88\chromedriver.exe
Sep 19, 2023 10:48:13 PM org.openqa.selenium.remote.ProtocolHandshake createSession
INFO: Detected dialect: W3C
[pool-3-thread-10] INFO cucumber.utils.DriverManager - Running on Desktop
]]></system-err>
  </testcase>
  <testcase name="As a user, i should be register fail with leaves blank sex textbox" classname="Management Registration page" time="25.449">
    <system-out><![CDATA[
@test @smoke
Scenario Outline: As a user, i should be register fail with leaves blank sex textbox # src/test/resources/Features/RegisterPage.feature:84
  Given I navigate to Veg Store website                                              # cucumber.step.ForwardStepDefinations.luanchApp()
  And I enter "toanb1906785" into input "username" field                             # cucumber.step.ForwardStepDefinations.enter_text(java.lang.String,java.lang.String)
  And I enter "toanautomation@grr.la" into input "email" field                       # cucumber.step.ForwardStepDefinations.enter_text(java.lang.String,java.lang.String)
  And I enter "123456aA@" into input "password" field                                # cucumber.step.ForwardStepDefinations.enter_text(java.lang.String,java.lang.String)
  And I enter "123456aA@" into input "confirmpassword" field                         # cucumber.step.ForwardStepDefinations.enter_text(java.lang.String,java.lang.String)
  And I enter "16/09/2001" into input "birthday" field                               # cucumber.step.ForwardStepDefinations.enter_text(java.lang.String,java.lang.String)
  And I enter "0123456789" into input "number" field                                 # cucumber.step.ForwardStepDefinations.enter_text(java.lang.String,java.lang.String)
  And I enter "Ly Tu Trong" into input "address" field                               # cucumber.step.ForwardStepDefinations.enter_text(java.lang.String,java.lang.String)
  When I click on "register" button                                                  # cucumber.step.ForwardStepDefinations.click_ele(java.lang.String)
  Then I should see "Vui lòng chọn giới tính!" in alert message                      # cucumber.step.ForwardStepDefinations.check_alert_message(java.lang.String)
]]></system-out>
    <system-err><![CDATA[[pool-3-thread-10] INFO io.github.bonigarcia.wdm.WebDriverManager - Using chromedriver 117.0.5938.88 (resolved driver for Chrome 117)
[pool-3-thread-10] INFO io.github.bonigarcia.wdm.WebDriverManager - Exporting webdriver.chrome.driver as C:\Users\Admin\.cache\selenium\chromedriver\win64\117.0.5938.88\chromedriver.exe
Sep 19, 2023 10:48:41 PM org.openqa.selenium.remote.ProtocolHandshake createSession
INFO: Detected dialect: W3C
[pool-3-thread-10] INFO cucumber.utils.DriverManager - Running on Desktop
]]></system-err>
  </testcase>
  <testcase name="As a user, i should be register fail with leaves blank birthday input" classname="Management Registration page" time="27.724">
    <system-out><![CDATA[
@test @smoke
Scenario Outline: As a user, i should be register fail with leaves blank birthday input # src/test/resources/Features/RegisterPage.feature:100
  Given I navigate to Veg Store website                                                 # cucumber.step.ForwardStepDefinations.luanchApp()
  And I enter "toanb1906785" into input "username" field                                # cucumber.step.ForwardStepDefinations.enter_text(java.lang.String,java.lang.String)
  And I enter "toanautomation@grr.la" into input "email" field                          # cucumber.step.ForwardStepDefinations.enter_text(java.lang.String,java.lang.String)
  And I enter "123456aA@" into input "password" field                                   # cucumber.step.ForwardStepDefinations.enter_text(java.lang.String,java.lang.String)
  And I enter "123456aA@" into input "confirmpassword" field                            # cucumber.step.ForwardStepDefinations.enter_text(java.lang.String,java.lang.String)
  And I click on "male" button                                                          # cucumber.step.ForwardStepDefinations.click_ele(java.lang.String)
  And I enter "21354sda" into input "birthday" field                                    # cucumber.step.ForwardStepDefinations.enter_text(java.lang.String,java.lang.String)
  And I enter "0123456789" into input "number" field                                    # cucumber.step.ForwardStepDefinations.enter_text(java.lang.String,java.lang.String)
  And I enter "Ly Tu Trong" into input "address" field                                  # cucumber.step.ForwardStepDefinations.enter_text(java.lang.String,java.lang.String)
  When I click on "register" button                                                     # cucumber.step.ForwardStepDefinations.click_ele(java.lang.String)
  Then I should see "Nhập không đúng format ngày sinh" in alert message                 # cucumber.step.ForwardStepDefinations.check_alert_message(java.lang.String)
]]></system-out>
    <system-err><![CDATA[[pool-3-thread-10] INFO io.github.bonigarcia.wdm.WebDriverManager - Using chromedriver 117.0.5938.88 (resolved driver for Chrome 117)
[pool-3-thread-10] INFO io.github.bonigarcia.wdm.WebDriverManager - Exporting webdriver.chrome.driver as C:\Users\Admin\.cache\selenium\chromedriver\win64\117.0.5938.88\chromedriver.exe
Sep 19, 2023 10:49:06 PM org.openqa.selenium.remote.ProtocolHandshake createSession
INFO: Detected dialect: W3C
[pool-3-thread-10] INFO cucumber.utils.DriverManager - Running on Desktop
]]></system-err>
  </testcase>
  <testcase name="As a user, i should be register fail with leaves blank number phone input" classname="Management Registration page" time="27.244">
    <failure message="Message not equals! expected:&lt;[Tên đăng nhập ít nhất có 3 ký tự]!&gt; but was:&lt;[Vui lòng nhập số điện thoại]!&gt;" type="junit.framework.ComparisonFailure"><![CDATA[junit.framework.ComparisonFailure: Message not equals! expected:<[Tên đăng nhập ít nhất có 3 ký tự]!> but was:<[Vui lòng nhập số điện thoại]!>
	at junit.framework.Assert.assertEquals(Assert.java:100)
	at junit.framework.TestCase.assertEquals(TestCase.java:253)
	at cucumber.utils.AssertionMethods.checkAlertMessage(AssertionMethods.java:251)
	at cucumber.step.ForwardStepDefinations.check_alert_message(ForwardStepDefinations.java:122)
	at ✽.I should see "Vui lòng nhập số điện thoại!" in alert message(file:///C:/Users/Admin/Downloads/veg_store/src/test/resources/Features/RegisterPage.feature:112)
]]></failure>
    <system-out><![CDATA[
@test @smoke
Scenario Outline: As a user, i should be register fail with leaves blank number phone input # src/test/resources/Features/RegisterPage.feature:116
  Given I navigate to Veg Store website                                                     # cucumber.step.ForwardStepDefinations.luanchApp()
  And I enter "toanb1906785" into input "username" field                                    # cucumber.step.ForwardStepDefinations.enter_text(java.lang.String,java.lang.String)
  And I enter "toanautomation@grr.la" into input "email" field                              # cucumber.step.ForwardStepDefinations.enter_text(java.lang.String,java.lang.String)
  And I enter "123456aA@" into input "password" field                                       # cucumber.step.ForwardStepDefinations.enter_text(java.lang.String,java.lang.String)
  And I enter "123456aA@" into input "confirmpassword" field                                # cucumber.step.ForwardStepDefinations.enter_text(java.lang.String,java.lang.String)
  And I click on "male" button                                                              # cucumber.step.ForwardStepDefinations.click_ele(java.lang.String)
  And I enter "16/09/2001" into input "birthday" field                                      # cucumber.step.ForwardStepDefinations.enter_text(java.lang.String,java.lang.String)
  And I enter "" into input "number" field                                                  # cucumber.step.ForwardStepDefinations.enter_text(java.lang.String,java.lang.String)
  And I enter "Ly Tu Trong" into input "address" field                                      # cucumber.step.ForwardStepDefinations.enter_text(java.lang.String,java.lang.String)
  When I click on "register" button                                                         # cucumber.step.ForwardStepDefinations.click_ele(java.lang.String)
  Then I should see "Vui lòng nhập số điện thoại!" in alert message                         # cucumber.step.ForwardStepDefinations.check_alert_message(java.lang.String)
      junit.framework.ComparisonFailure: Message not equals! expected:<[Tên đăng nhập ít nhất có 3 ký tự]!> but was:<[Vui lòng nhập số điện thoại]!>
	at junit.framework.Assert.assertEquals(Assert.java:100)
	at junit.framework.TestCase.assertEquals(TestCase.java:253)
	at cucumber.utils.AssertionMethods.checkAlertMessage(AssertionMethods.java:251)
	at cucumber.step.ForwardStepDefinations.check_alert_message(ForwardStepDefinations.java:122)
	at ✽.I should see "Vui lòng nhập số điện thoại!" in alert message(file:///C:/Users/Admin/Downloads/veg_store/src/test/resources/Features/RegisterPage.feature:112)

      org.openqa.selenium.UnhandledAlertException: unexpected alert open: {Alert text : Tên đăng nhập ít nhất có 3 ký tự!}
  (Session info: chrome=116.0.5845.187): Tên đăng nhập ít nhất có 3 ký tự!
Build info: version: '3.11.0', revision: 'e59cfb3', time: '2018-03-11T20:26:55.152Z'
System info: host: 'DESKTOP-A8HQHM9', ip: '172.21.112.1', os.name: 'Windows 11', os.arch: 'amd64', os.version: '10.0', java.version: '20.0.1'
Driver info: org.openqa.selenium.remote.RemoteWebDriver
Capabilities {acceptInsecureCerts: false, browserName: chrome, browserVersion: 116.0.5845.187, chrome: {chromedriverVersion: 116.0.5845.96 (1a3918166880..., userDataDir: /tmp/.org.chromium.Chromium...}, fedcm:accounts: true, goog:chromeOptions: {debuggerAddress: localhost:42395}, javascriptEnabled: true, networkConnectionEnabled: false, pageLoadStrategy: normal, platform: LINUX, platformName: LINUX, proxy: Proxy(), se:bidiEnabled: false, se:cdp: ws://172.21.0.6:4444/sessio..., se:cdpVersion: 116.0.5845.187, se:vnc: ws://172.21.0.6:4444/sessio..., se:vncEnabled: true, se:vncLocalAddress: ws://172.21.0.6:7900, setWindowRect: true, strictFileInteractability: false, timeouts: {implicit: 0, pageLoad: 300000, script: 30000}, unhandledPromptBehavior: dismiss and notify, webauthn:extension:credBlob: true, webauthn:extension:largeBlob: true, webauthn:extension:minPinLength: true, webauthn:extension:prf: true, webauthn:virtualAuthenticators: true}
Session ID: 9f8e247656b9cd3f692db9e8471da52e
	at org.openqa.selenium.remote.http.W3CHttpResponseCodec.decode(W3CHttpResponseCodec.java:120)
	at org.openqa.selenium.remote.http.W3CHttpResponseCodec.decode(W3CHttpResponseCodec.java:49)
	at org.openqa.selenium.remote.HttpCommandExecutor.execute(HttpCommandExecutor.java:158)
	at org.openqa.selenium.remote.RemoteWebDriver.execute(RemoteWebDriver.java:545)
	at org.openqa.selenium.remote.RemoteWebDriver.execute(RemoteWebDriver.java:602)
	at org.openqa.selenium.remote.RemoteWebDriver.getScreenshotAs(RemoteWebDriver.java:291)
	at cucumber.step.ForwardStepDefinations.addScreenshot(ForwardStepDefinations.java:155)

]]></system-out>
    <system-err><![CDATA[[pool-3-thread-10] INFO io.github.bonigarcia.wdm.WebDriverManager - Using chromedriver 117.0.5938.88 (resolved driver for Chrome 117)
[pool-3-thread-10] INFO io.github.bonigarcia.wdm.WebDriverManager - Exporting webdriver.chrome.driver as C:\Users\Admin\.cache\selenium\chromedriver\win64\117.0.5938.88\chromedriver.exe
Sep 19, 2023 10:49:34 PM org.openqa.selenium.remote.ProtocolHandshake createSession
INFO: Detected dialect: W3C
[pool-3-thread-10] INFO cucumber.utils.DriverManager - Running on Desktop
]]></system-err>
  </testcase>
  <testcase name="As a user, i should be register fail with leaves blank number phone input" classname="Management Registration page" time="0.0">
    <error message="unexpected alert open: {Alert text : Tên đăng nhập ít nhất có 3 ký tự!}&#10;  (Session info: chrome=116.0.5845.187): Tên đăng nhập ít nhất có 3 ký tự!&#10;Build info: version: &apos;3.11.0&apos;, revision: &apos;e59cfb3&apos;, time: &apos;2018-03-11T20:26:55.152Z&apos;&#10;System info: host: &apos;DESKTOP-A8HQHM9&apos;, ip: &apos;172.21.112.1&apos;, os.name: &apos;Windows 11&apos;, os.arch: &apos;amd64&apos;, os.version: &apos;10.0&apos;, java.version: &apos;20.0.1&apos;&#10;Driver info: org.openqa.selenium.remote.RemoteWebDriver&#10;Capabilities {acceptInsecureCerts: false, browserName: chrome, browserVersion: 116.0.5845.187, chrome: {chromedriverVersion: 116.0.5845.96 (1a3918166880..., userDataDir: /tmp/.org.chromium.Chromium...}, fedcm:accounts: true, goog:chromeOptions: {debuggerAddress: localhost:42395}, javascriptEnabled: true, networkConnectionEnabled: false, pageLoadStrategy: normal, platform: LINUX, platformName: LINUX, proxy: Proxy(), se:bidiEnabled: false, se:cdp: ws://172.21.0.6:4444/sessio..., se:cdpVersion: 116.0.5845.187, se:vnc: ws://172.21.0.6:4444/sessio..., se:vncEnabled: true, se:vncLocalAddress: ws://172.21.0.6:7900, setWindowRect: true, strictFileInteractability: false, timeouts: {implicit: 0, pageLoad: 300000, script: 30000}, unhandledPromptBehavior: dismiss and notify, webauthn:extension:credBlob: true, webauthn:extension:largeBlob: true, webauthn:extension:minPinLength: true, webauthn:extension:prf: true, webauthn:virtualAuthenticators: true}&#10;Session ID: 9f8e247656b9cd3f692db9e8471da52e" type="org.openqa.selenium.UnhandledAlertException"><![CDATA[org.openqa.selenium.UnhandledAlertException: 
unexpected alert open: {Alert text : Tên đăng nhập ít nhất có 3 ký tự!}
  (Session info: chrome=116.0.5845.187): Tên đăng nhập ít nhất có 3 ký tự!
Build info: version: '3.11.0', revision: 'e59cfb3', time: '2018-03-11T20:26:55.152Z'
System info: host: 'DESKTOP-A8HQHM9', ip: '172.21.112.1', os.name: 'Windows 11', os.arch: 'amd64', os.version: '10.0', java.version: '20.0.1'
Driver info: org.openqa.selenium.remote.RemoteWebDriver
Capabilities {acceptInsecureCerts: false, browserName: chrome, browserVersion: 116.0.5845.187, chrome: {chromedriverVersion: 116.0.5845.96 (1a3918166880..., userDataDir: /tmp/.org.chromium.Chromium...}, fedcm:accounts: true, goog:chromeOptions: {debuggerAddress: localhost:42395}, javascriptEnabled: true, networkConnectionEnabled: false, pageLoadStrategy: normal, platform: LINUX, platformName: LINUX, proxy: Proxy(), se:bidiEnabled: false, se:cdp: ws://172.21.0.6:4444/sessio..., se:cdpVersion: 116.0.5845.187, se:vnc: ws://172.21.0.6:4444/sessio..., se:vncEnabled: true, se:vncLocalAddress: ws://172.21.0.6:7900, setWindowRect: true, strictFileInteractability: false, timeouts: {implicit: 0, pageLoad: 300000, script: 30000}, unhandledPromptBehavior: dismiss and notify, webauthn:extension:credBlob: true, webauthn:extension:largeBlob: true, webauthn:extension:minPinLength: true, webauthn:extension:prf: true, webauthn:virtualAuthenticators: true}
Session ID: 9f8e247656b9cd3f692db9e8471da52e
	at org.openqa.selenium.remote.http.W3CHttpResponseCodec.decode(W3CHttpResponseCodec.java:120)
	at org.openqa.selenium.remote.http.W3CHttpResponseCodec.decode(W3CHttpResponseCodec.java:49)
	at org.openqa.selenium.remote.HttpCommandExecutor.execute(HttpCommandExecutor.java:158)
	at org.openqa.selenium.remote.RemoteWebDriver.execute(RemoteWebDriver.java:545)
	at org.openqa.selenium.remote.RemoteWebDriver.execute(RemoteWebDriver.java:602)
	at org.openqa.selenium.remote.RemoteWebDriver.getScreenshotAs(RemoteWebDriver.java:291)
	at cucumber.step.ForwardStepDefinations.addScreenshot(ForwardStepDefinations.java:155)
]]></error>
  </testcase>
  <testcase name="As a user, i should be register fail with leaves blank address input" classname="Management Registration page" time="27.656">
    <error message="no such alert&#10;  (Session info: chrome=116.0.5845.187)&#10;Build info: version: &apos;3.11.0&apos;, revision: &apos;e59cfb3&apos;, time: &apos;2018-03-11T20:26:55.152Z&apos;&#10;System info: host: &apos;DESKTOP-A8HQHM9&apos;, ip: &apos;172.21.112.1&apos;, os.name: &apos;Windows 11&apos;, os.arch: &apos;amd64&apos;, os.version: &apos;10.0&apos;, java.version: &apos;20.0.1&apos;&#10;Driver info: org.openqa.selenium.remote.RemoteWebDriver&#10;Capabilities {acceptInsecureCerts: false, browserName: chrome, browserVersion: 116.0.5845.187, chrome: {chromedriverVersion: 116.0.5845.96 (1a3918166880..., userDataDir: /tmp/.org.chromium.Chromium...}, fedcm:accounts: true, goog:chromeOptions: {debuggerAddress: localhost:40645}, javascriptEnabled: true, networkConnectionEnabled: false, pageLoadStrategy: normal, platform: LINUX, platformName: LINUX, proxy: Proxy(), se:bidiEnabled: false, se:cdp: ws://172.21.0.6:4444/sessio..., se:cdpVersion: 116.0.5845.187, se:vnc: ws://172.21.0.6:4444/sessio..., se:vncEnabled: true, se:vncLocalAddress: ws://172.21.0.6:7900, setWindowRect: true, strictFileInteractability: false, timeouts: {implicit: 0, pageLoad: 300000, script: 30000}, unhandledPromptBehavior: dismiss and notify, webauthn:extension:credBlob: true, webauthn:extension:largeBlob: true, webauthn:extension:minPinLength: true, webauthn:extension:prf: true, webauthn:virtualAuthenticators: true}&#10;Session ID: addbd2b59e678062175d22cda4f02645" type="org.openqa.selenium.NoAlertPresentException"><![CDATA[org.openqa.selenium.NoAlertPresentException: 
no such alert
  (Session info: chrome=116.0.5845.187)
Build info: version: '3.11.0', revision: 'e59cfb3', time: '2018-03-11T20:26:55.152Z'
System info: host: 'DESKTOP-A8HQHM9', ip: '172.21.112.1', os.name: 'Windows 11', os.arch: 'amd64', os.version: '10.0', java.version: '20.0.1'
Driver info: org.openqa.selenium.remote.RemoteWebDriver
Capabilities {acceptInsecureCerts: false, browserName: chrome, browserVersion: 116.0.5845.187, chrome: {chromedriverVersion: 116.0.5845.96 (1a3918166880..., userDataDir: /tmp/.org.chromium.Chromium...}, fedcm:accounts: true, goog:chromeOptions: {debuggerAddress: localhost:40645}, javascriptEnabled: true, networkConnectionEnabled: false, pageLoadStrategy: normal, platform: LINUX, platformName: LINUX, proxy: Proxy(), se:bidiEnabled: false, se:cdp: ws://172.21.0.6:4444/sessio..., se:cdpVersion: 116.0.5845.187, se:vnc: ws://172.21.0.6:4444/sessio..., se:vncEnabled: true, se:vncLocalAddress: ws://172.21.0.6:7900, setWindowRect: true, strictFileInteractability: false, timeouts: {implicit: 0, pageLoad: 300000, script: 30000}, unhandledPromptBehavior: dismiss and notify, webauthn:extension:credBlob: true, webauthn:extension:largeBlob: true, webauthn:extension:minPinLength: true, webauthn:extension:prf: true, webauthn:virtualAuthenticators: true}
Session ID: addbd2b59e678062175d22cda4f02645
	at java.base/jdk.internal.reflect.DirectConstructorHandleAccessor.newInstance(DirectConstructorHandleAccessor.java:67)
	at java.base/java.lang.reflect.Constructor.newInstanceWithCaller(Constructor.java:500)
	at java.base/java.lang.reflect.Constructor.newInstance(Constructor.java:484)
	at org.openqa.selenium.remote.http.W3CHttpResponseCodec.createException(W3CHttpResponseCodec.java:187)
	at org.openqa.selenium.remote.http.W3CHttpResponseCodec.decode(W3CHttpResponseCodec.java:122)
	at org.openqa.selenium.remote.http.W3CHttpResponseCodec.decode(W3CHttpResponseCodec.java:49)
	at org.openqa.selenium.remote.HttpCommandExecutor.execute(HttpCommandExecutor.java:158)
	at org.openqa.selenium.remote.RemoteWebDriver.execute(RemoteWebDriver.java:545)
	at org.openqa.selenium.remote.RemoteWebDriver.execute(RemoteWebDriver.java:602)
	at org.openqa.selenium.remote.RemoteWebDriver$RemoteTargetLocator.alert(RemoteWebDriver.java:931)
	at cucumber.utils.AssertionMethods.checkAlertMessage(AssertionMethods.java:251)
	at cucumber.step.ForwardStepDefinations.check_alert_message(ForwardStepDefinations.java:122)
	at ✽.I should see "Vui lòng nhập địa chỉ" in alert message(file:///C:/Users/Admin/Downloads/veg_store/src/test/resources/Features/RegisterPage.feature:128)
]]></error>
    <system-out><![CDATA[
@test @smoke
Scenario Outline: As a user, i should be register fail with leaves blank address input # src/test/resources/Features/RegisterPage.feature:132
  Given I navigate to Veg Store website                                                # cucumber.step.ForwardStepDefinations.luanchApp()
  And I enter "toanb1906785" into input "username" field                               # cucumber.step.ForwardStepDefinations.enter_text(java.lang.String,java.lang.String)
  And I enter "toanautomation@grr.la" into input "email" field                         # cucumber.step.ForwardStepDefinations.enter_text(java.lang.String,java.lang.String)
  And I enter "123456aA@" into input "password" field                                  # cucumber.step.ForwardStepDefinations.enter_text(java.lang.String,java.lang.String)
  And I enter "123456aA@" into input "confirmpassword" field                           # cucumber.step.ForwardStepDefinations.enter_text(java.lang.String,java.lang.String)
  And I click on "male" button                                                         # cucumber.step.ForwardStepDefinations.click_ele(java.lang.String)
  And I enter "16/09/2001" into input "birthday" field                                 # cucumber.step.ForwardStepDefinations.enter_text(java.lang.String,java.lang.String)
  And I enter "0123456789" into input "number" field                                   # cucumber.step.ForwardStepDefinations.enter_text(java.lang.String,java.lang.String)
  And I enter "" into input "address" field                                            # cucumber.step.ForwardStepDefinations.enter_text(java.lang.String,java.lang.String)
  When I click on "register" button                                                    # cucumber.step.ForwardStepDefinations.click_ele(java.lang.String)
  Then I should see "Vui lòng nhập địa chỉ" in alert message                           # cucumber.step.ForwardStepDefinations.check_alert_message(java.lang.String)
      org.openqa.selenium.NoAlertPresentException: no such alert
  (Session info: chrome=116.0.5845.187)
Build info: version: '3.11.0', revision: 'e59cfb3', time: '2018-03-11T20:26:55.152Z'
System info: host: 'DESKTOP-A8HQHM9', ip: '172.21.112.1', os.name: 'Windows 11', os.arch: 'amd64', os.version: '10.0', java.version: '20.0.1'
Driver info: org.openqa.selenium.remote.RemoteWebDriver
Capabilities {acceptInsecureCerts: false, browserName: chrome, browserVersion: 116.0.5845.187, chrome: {chromedriverVersion: 116.0.5845.96 (1a3918166880..., userDataDir: /tmp/.org.chromium.Chromium...}, fedcm:accounts: true, goog:chromeOptions: {debuggerAddress: localhost:40645}, javascriptEnabled: true, networkConnectionEnabled: false, pageLoadStrategy: normal, platform: LINUX, platformName: LINUX, proxy: Proxy(), se:bidiEnabled: false, se:cdp: ws://172.21.0.6:4444/sessio..., se:cdpVersion: 116.0.5845.187, se:vnc: ws://172.21.0.6:4444/sessio..., se:vncEnabled: true, se:vncLocalAddress: ws://172.21.0.6:7900, setWindowRect: true, strictFileInteractability: false, timeouts: {implicit: 0, pageLoad: 300000, script: 30000}, unhandledPromptBehavior: dismiss and notify, webauthn:extension:credBlob: true, webauthn:extension:largeBlob: true, webauthn:extension:minPinLength: true, webauthn:extension:prf: true, webauthn:virtualAuthenticators: true}
Session ID: addbd2b59e678062175d22cda4f02645
	at java.base/jdk.internal.reflect.DirectConstructorHandleAccessor.newInstance(DirectConstructorHandleAccessor.java:67)
	at java.base/java.lang.reflect.Constructor.newInstanceWithCaller(Constructor.java:500)
	at java.base/java.lang.reflect.Constructor.newInstance(Constructor.java:484)
	at org.openqa.selenium.remote.http.W3CHttpResponseCodec.createException(W3CHttpResponseCodec.java:187)
	at org.openqa.selenium.remote.http.W3CHttpResponseCodec.decode(W3CHttpResponseCodec.java:122)
	at org.openqa.selenium.remote.http.W3CHttpResponseCodec.decode(W3CHttpResponseCodec.java:49)
	at org.openqa.selenium.remote.HttpCommandExecutor.execute(HttpCommandExecutor.java:158)
	at org.openqa.selenium.remote.RemoteWebDriver.execute(RemoteWebDriver.java:545)
	at org.openqa.selenium.remote.RemoteWebDriver.execute(RemoteWebDriver.java:602)
	at org.openqa.selenium.remote.RemoteWebDriver$RemoteTargetLocator.alert(RemoteWebDriver.java:931)
	at cucumber.utils.AssertionMethods.checkAlertMessage(AssertionMethods.java:251)
	at cucumber.step.ForwardStepDefinations.check_alert_message(ForwardStepDefinations.java:122)
	at ✽.I should see "Vui lòng nhập địa chỉ" in alert message(file:///C:/Users/Admin/Downloads/veg_store/src/test/resources/Features/RegisterPage.feature:128)


    Embedding image [image/png 12017 bytes]

]]></system-out>
    <system-err><![CDATA[[pool-3-thread-10] INFO io.github.bonigarcia.wdm.WebDriverManager - Using chromedriver 117.0.5938.88 (resolved driver for Chrome 117)
[pool-3-thread-10] INFO io.github.bonigarcia.wdm.WebDriverManager - Exporting webdriver.chrome.driver as C:\Users\Admin\.cache\selenium\chromedriver\win64\117.0.5938.88\chromedriver.exe
Sep 19, 2023 10:50:01 PM org.openqa.selenium.remote.ProtocolHandshake createSession
INFO: Detected dialect: W3C
[pool-3-thread-10] INFO cucumber.utils.DriverManager - Running on Desktop
]]></system-err>
  </testcase>
</testsuite>